Build started 7/21/2014 7:25:39 PM.
     1>Project "F:\roguelike\roguelike\roguelike.vcxproj" on node 2 (Build target(s)).
     1>ClCompile:
         C:\Program Files (x86)\Microsoft Visual Studio 12.0\VC\bin\CL.exe /c /ZI /nologo /W3 /WX- /sdl /Od /Oy- /D WIN32 /D _DEBUG /D _CONSOLE /D _LIB /D _UNICODE /D UNICODE /Gm /EHsc /RTC1 /MDd /GS /fp:precise /Zc:wchar_t /Zc:forScope /Yu"stdafx.h" /Fp"Debug\roguelike.pch" /Fo"Debug\\" /Fd"Debug\vc120.pdb" /Gd /TP /analyze- /errorReport:prompt GameEventManager.cpp GameObject.cpp Level.cpp Player.cpp roguelike.cpp
         Player.cpp
         Level.cpp
     1>f:\roguelike\roguelike\level.h(14): error C2143: syntax error : missing ';' before '<'
     1>f:\roguelike\roguelike\level.h(14): error C4430: missing type specifier - int assumed. Note: C++ does not support default-int
     1>f:\roguelike\roguelike\level.h(14): error C2238: unexpected token(s) preceding ';'
         GameEventManager.cpp
     1>f:\roguelike\roguelike\gameeventmanager.cpp(12): warning C4018: '<' : signed/unsigned mismatch
     1>f:\roguelike\roguelike\gameeventmanager.cpp(20): warning C4018: '<' : signed/unsigned mismatch
         Generating Code...
         Skipping... (no relevant changes detected)
         roguelike.cpp
         GameObject.cpp
     1>Done Building Project "F:\roguelike\roguelike\roguelike.vcxproj" (Build target(s)) -- FAILED.

Build FAILED.

Time Elapsed 00:00:01.12
